<?xml version="1.0" encoding="UTF-8"?>
<!-- Generated by org.testng.reporters.JUnitReportReporter -->
<testsuite hostname="vend-jahanzaib" failures="0" tests="4" name="testcases.TrainingSession" time="34.576" errors="0" timestamp="18 Nov 2020 20:11:50 GMT">
  <testcase classname="testcases.TrainingSession" name="InputForm" time="10.571"/>
  <testcase classname="testcases.TrainingSession" name="AlertWindow" time="5.633"/>
  <testcase classname="testcases.TrainingSession" name="Slider" time="7.085"/>
  <testcase classname="testcases.TrainingSession" name="JavaScriptAlert" time="11.287"/>
</testsuite> <!-- testcases.TrainingSession -->
