<?xml version="1.0" encoding="UTF-8"?>
<!-- Generated by org.testng.reporters.JUnitReportReporter -->
<testsuite hostname="vend-jahanzaib" failures="0" tests="1" name="testcases.LoginTests" time="4.051" errors="0" timestamp="18 Nov 2020 20:12:43 GMT">
  <testcase classname="testcases.LoginTests" name="loginIntoApplication" time="4.051"/>
</testsuite> <!-- testcases.LoginTests -->
